[www.wrist.im/index.html]
[backblue.gif]
[fade.gif]
[index.html]
[www.google-analytics.com/analytics.js]
[www.wrist.im/javascripts/vendor/modernizr.js]
[www.wrist.im/javascripts/vendor/jquery.svgdom.js]
[www.wrist.im/javascripts/vendor/jquery.svg.js]
[www.wrist.im/javascripts/vendor/jquery.easing.1.3.js]
[www.wrist.im/javascripts/vendor/foundation/foundation.js]
[www.wrist.im/javascripts/vendor/foundation/foundation.tooltips.js]
[www.wrist.im/javascripts/vendor/jquery.scrollTo-1.4.3.1.js]
[www.wrist.im/javascripts/vendor/jquery.visible.js]
[www.wrist.im/index.html]
[www.wrist.im/images/ribbons/awarded-ss-rhs.svg]
[www.wrist.im/javascripts/application.js]
[www.wrist.im/javascripts/vendor/jquery-1.10.2.js]
[www.wrist.im/stylesheets/app.css]
[www.wrist.im/images/ribbons/awwwards_honorable_black_left.png]
[www.wrist.im/images/ribbons/awwwards_honorable_black_right.png]
[www.wrist.im/images/ribbons/awwwards_honorable_white_left.png]
[www.wrist.im/images/ribbons/awwwards_honorable_white_right.png]
[www.wrist.im/images/ribbons/awwwards_honorable_green_left.png]
[www.wrist.im/images/ribbons/awwwards_honorable_green_right.png]
[www.wrist.im/images/ribbons/awwwards_honorable_black_left2x.png]
[www.wrist.im/images/ribbons/awwwards_honorable_black_right2x.png]
[www.wrist.im/images/ribbons/awwwards_honorable_white_left2x.png]
[www.wrist.im/images/ribbons/awwwards_honorable_white_right2x.png]
[www.wrist.im/images/ribbons/awwwards_honorable_green_left2x.png]
[www.wrist.im/images/ribbons/awwwards_honorable_green_right2x.png]
[www.wrist.im/images/logo-white.gif]
[www.wrist.im/images/logo-white-hd.gif]
[www.wrist.im/images/icon-about.png]
[www.wrist.im/images/icon-about-hd.png]
[www.wrist.im/images/icon-twitter.png]
[www.wrist.im/images/icon-twitter-hd.png]
[www.wrist.im/images/icon-paris.png]
[www.wrist.im/images/icon-paris-hd.png]
[www.wrist.im/images/icon-london.png]
[www.wrist.im/images/icon-london-hd.png]
[www.wrist.im/images/icon-san-francisco.png]
[www.wrist.im/images/icon-san-francisco-hd.png]
[www.wrist.im/images/icon-local.png]
[www.wrist.im/images/icon-local-hd.png]
[www.wrist.im/images/about-dots.png]
[www.wrist.im/images/happy-face.gif]
[www.wrist.im/images/happy-face-hd.gif]
[www.wrist.im/stylesheets/app.css]
